<?xml version="1.0" encoding="UTF-8"?>
<!-- Generated by org.testng.reporters.JUnitXMLReporter -->
<testsuite ignored="0" hostname="LAPTOP-UKU0FOUE" failures="0" tests="3" name="Test" time="0.115" errors="0" timestamp="2025-01-31T17:37:40 IST">
  <testcase classname="com.lambdatestNG.TestNG001" name="@BeforeTest setup" time="-1.738325260331E9">
    <failure type="org.testng.TestNGException" message="
Method setup requires 2 parameters but 2 were supplied in the BeforeTest annotation.">
      <![CDATA[org.testng.TestNGException: 
Method setup requires 2 parameters but 2 were supplied in the BeforeTest annotation.
at java.base/java.util.concurrent.FutureTask.run(FutureTask.java:264)
at java.base/java.util.concurrent.ThreadPoolExecutor.runWorker(ThreadPoolExecutor.java:1128)
at java.base/java.util.concurrent.ThreadPoolExecutor$Worker.run(ThreadPoolExecutor.java:628)
at java.base/java.lang.Thread.run(Thread.java:834)
... Removed 11 stack frames]]>
    </failure>
  </testcase> <!-- @BeforeTest setup -->
  <testcase classname="com.lambdatestNG.TestNG002" name="@BeforeTest setup" time="0.0">
    <skipped/>
  </testcase> <!-- @BeforeTest setup -->
  <testcase classname="com.lambdatestNG.TestNG003" name="@BeforeTest setup" time="0.0">
    <skipped/>
  </testcase> <!-- @BeforeTest setup -->
  <testcase classname="com.lambdatestNG.TestNG001" name="@AfterTest tearDown" time="0.0">
    <skipped/>
  </testcase> <!-- @AfterTest tearDown -->
  <testcase classname="com.lambdatestNG.TestNG002" name="@AfterTest tearDown" time="0.0">
    <skipped/>
  </testcase> <!-- @AfterTest tearDown -->
  <testcase classname="com.lambdatestNG.TestNG003" name="@AfterTest tearDown" time="0.0">
    <skipped/>
  </testcase> <!-- @AfterTest tearDown -->
  <testcase classname="com.lambdatestNG.TestNG002" name="basicTest" time="0.0">
    <skipped/>
  </testcase> <!-- basicTest -->
  <testcase classname="com.lambdatestNG.TestNG003" name="basicTest" time="0.0">
    <skipped/>
  </testcase> <!-- basicTest -->
  <testcase classname="com.lambdatestNG.TestNG001" name="basicTest" time="0.0">
    <skipped/>
  </testcase> <!-- basicTest -->
</testsuite> <!-- Test -->
